#
# There is insufficient memory for the Java Runtime Environment to continue.
# Native memory allocation (malloc) failed to allocate 2151536 bytes for Chunk::new
# Possible reasons:
#   The system is out of physical RAM or swap space
#   The process is running with CompressedOops enabled, and the Java Heap may be blocking the growth of the native heap
# Possible solutions:
#   Reduce memory load on the system
#   Increase physical memory or swap space
#   Check if swap backing store is full
#   Decrease Java heap size (-Xmx/-Xms)
#   Decrease number of Java threads
#   Decrease Java thread stack sizes (-Xss)
#   Set larger code cache with -XX:ReservedCodeCacheSize=
#   JVM is running with Unscaled Compressed Oops mode in which the Java heap is
#     placed in the first 4GB address space. The Java Heap base address is the
#     maximum limit for the native heap growth. Please use -XX:HeapBaseMinAddress
#     to set the Java Heap base and to place the Java Heap above 4GB virtual address.
# This output file may be truncated or incomplete.
#
#  Out of Memory Error (allocation.cpp:389), pid=236, tid=0x0000000000000fdc
#
# JRE version: OpenJDK Runtime Environment (8.0_212-b04) (build 1.8.0_212-release-1586-b04)
# Java VM: OpenJDK 64-Bit Server VM (25.212-b04 mixed mode windows-amd64 compressed oops)
# Failed to write core dump. Minidumps are not enabled by default on client versions of Windows
#

---------------  T H R E A D  ---------------

Current thread (0x00000000168ec000):  JavaThread "C2 CompilerThread1" daemon [_thread_in_native, id=4060, stack(0x0000000018050000,0x0000000018150000)]

Stack: [0x0000000018050000,0x0000000018150000]
[error occurred during error reporting (printing stack bounds), id 0xc0000005]

Native frames: (J=compiled Java code, j=interpreted, Vv=VM code, C=native code)


Current CompileTask:
C2:  33248 1458       4       java.net.URLClassLoader$1::run (5 bytes)


  P R O C E S S  ---------------

Java Threads: ( => current thread )
  0x0000000019e1c000 JavaThread "Cache worker for journal cache (C:\Users\chugu\.gradle\caches\journal-1)" [_thread_blocked, id=7776, stack(0x000000001c680000,0x000000001c780000)]
  0x0000000019e18000 JavaThread "File lock request listener" [_thread_in_native, id=2444, stack(0x000000001b5b0000,0x000000001b6b0000)]
  0x0000000019e1d800 JavaThread "Cache worker for file hash cache (C:\Users\chugu\.gradle\caches\5.6.4\fileHashes)" [_thread_blocked, id=7532, stack(0x000000001b4b0000,0x000000001b5b0000)]
  0x000000001691e800 JavaThread "Thread-9" [_thread_blocked, id=4684, stack(0x000000001b1b0000,0x000000001b2b0000)]
  0x0000000018257800 JavaThread "Stdin handler" [_thread_blocked, id=5104, stack(0x000000001b0b0000,0x000000001b1b0000)]
  0x0000000018256800 JavaThread "Asynchronous log dispatcher for DefaultDaemonConnection: socket connection from /127.0.0.1:52646 to /127.0.0.1:52647" [_thread_blocked, id=4948, stack(0x000000001afb0000,0x000000001b0b0000)]
  0x0000000019b0c800 JavaThread "Daemon worker" [_thread_in_native, id=732, stack(0x000000001aeb0000,0x000000001afb0000)]
  0x0000000019b07800 JavaThread "Cancel handler" [_thread_blocked, id=536, stack(0x000000001adb0000,0x000000001aeb0000)]
  0x0000000019a24000 JavaThread "Handler for socket connection from /127.0.0.1:52646 to /127.0.0.1:52647" [_thread_in_native, id=7336, stack(0x000000001aab0000,0x000000001abb0000)]
  0x0000000019a18800 JavaThread "Daemon" [_thread_blocked, id=7156, stack(0x000000001a9b0000,0x000000001aab0000)]
  0x0000000018c99800 JavaThread "Daemon periodic checks" [_thread_blocked, id=7732, stack(0x000000001a8b0000,0x000000001a9b0000)]
  0x0000000018c7d800 JavaThread "Incoming local TCP Connector on port 52646" [_thread_in_native, id=6632, stack(0x000000001a660000,0x000000001a760000)]
  0x000000001906f800 JavaThread "Daemon health stats" [_thread_blocked, id=7764, stack(0x000000001a020000,0x000000001a120000)]
  0x0000000018278800 JavaThread "Service Thread" daemon [_thread_blocked, id=1048, stack(0x0000000018650000,0x0000000018750000)]
  0x00000000168f4800 JavaThread "C1 CompilerThread2" daemon [_thread_blocked, id=4588, stack(0x0000000018150000,0x0000000018250000)]
=>0x00000000168ec000 JavaThread "C2 CompilerThread1" daemon [_thread_in_native, id=4060, stack(0x0000000018050000,0x0000000018150000)]
  0x00000000168e9000 JavaThread "C2 CompilerThread0" daemon [_thread_in_native, id=4680, stack(0x0000000017f50000,0x0000000018050000)]
  0x00000000168e4000 JavaThread "Attach Listener" daemon [_thread_blocked, id=7792, stack(0x0000000017e50000,0x0000000017f50000)]
  0x00000000168e2800 JavaThread "Signal Dispatcher" daemon [_thread_blocked, id=3004, stack(0x0000000017d50000,0x0000000017e50000)]
  0x0000000002e9b000 JavaThread "Finalizer" daemon [_thread_blocked, id=7756, stack(0x0000000017b40000,0x0000000017c40000)]
  0x00000000168c9000 JavaThread "Reference Handler" daemon [_thread_blocked, id=4140, stack(0x0000000017a40000,0x0000000017b40000)]
  0x0000000002f6e800 JavaThread "main" [_thread_blocked, id=6336, stack(0x0000000002c40000,0x0000000002d40000)]

Other Threads:
  0x00000000168a7000 VMThread [stack: 0x0000000017940000,0x0000000017a40000] [id=4768]
  0x000000001827b000 WatcherThread [stack: 0x0000000018750000,0x0000000018850000] [id=7800]

VM state:not at safepoint (normal execution)

VM Mutex/Monitor currently owned by a thread: None

heap address: 0x00000000a0000000, size: 1536 MB, Compressed Oops mode: 32-bit
Narrow klass base: 0x0000000000000000, Narrow klass shift: 3
Compressed class space size: 1073741824 Address: 0x0000000100000000

Heap:
 PSYoungGen      total 51200K, used 4100K [0x00000000e0000000, 0x00000000e3400000, 0x0000000100000000)
  eden space 49152K, 4% used [0x00000000e0000000,0x00000000e0205138,0x00000000e3000000)
  from space 2048K, 99% used [0x00000000e3000000,0x00000000e31fc010,0x00000000e3200000)
  to   space 2048K, 0% used [0x00000000e3200000,0x00000000e3200000,0x00000000e3400000)
 ParOldGen       total 32768K, used 9080K [0x00000000a0000000, 0x00000000a2000000, 0x00000000e0000000)
  object space 32768K, 27% used [0x00000000a0000000,0x00000000a08de038,0x00000000a2000000)
 Metaspace       used 14473K, capacity 14894K, committed 14976K, reserved 1062912K
  class space    used 2004K, capacity 2131K, committed 2176K, reserved 1048576K

Card table byte_map: [0x0000000012330000,0x0000000012640000] byte_map_base: 0x0000000011e30000

Marking Bits: (ParMarkBitMap*) 0x0000000054e59f30
 Begin Bits: [0x0000000012c40000, 0x0000000014440000)
 End Bits:   [0x0000000014440000, 0x0000000015c40000)

Polling page: 0x00000000013a0000

CodeCache: size=245760Kb used=4691Kb max_used=4858Kb free=241068Kb
 bounds [0x0000000002f70000, 0x0000000003440000, 0x0000000011f70000]
 total_blobs=1726 nmethods=1343 adapters=297
 compilation: enabled

Compilation events (10 events):
Event: 33.109 Thread 0x00000000168f4800 1472       3       java.lang.invoke.MemberName::flagsMods (72 bytes)
Event: 33.110 Thread 0x00000000168f4800 nmethod 1472 0x00000000030edbd0 code [0x00000000030edd20, 0x00000000030ede90]
Event: 33.111 Thread 0x00000000168f4800 1473       3       java.lang.invoke.MemberName::init (66 bytes)
Event: 33.112 Thread 0x00000000168f4800 nmethod 1473 0x000000000317ca10 code [0x000000000317cb60, 0x000000000317cd10]
Event: 33.116 Thread 0x00000000168f4800 1475       3       java.lang.invoke.LambdaForm$BasicType::basicTypeChar (8 bytes)
Event: 33.118 Thread 0x00000000168f4800 nmethod 1475 0x0000000003106fd0 code [0x0000000003107160, 0x0000000003107568]
Event: 33.140 Thread 0x00000000168f4800 1476       3       java.lang.invoke.MethodType$ConcurrentWeakInternSet$WeakEntry::<init> (15 bytes)
Event: 33.142 Thread 0x00000000168f4800 nmethod 1476 0x0000000003258990 code [0x0000000003258b20, 0x0000000003258f08]
Event: 33.207 Thread 0x00000000168f4800 1477       1       sun.management.MemoryPoolImpl::getName (5 bytes)
Event: 33.207 Thread 0x00000000168f4800 nmethod 1477 0x0000000003108610 code [0x0000000003108760, 0x0000000003108870]

GC Heap History (10 events):
Event: 2.826 GC heap before
{Heap before GC invocations=1 (full 0):
 PSYoungGen      total 14336K, used 12288K [0x00000000e0000000, 0x00000000e1000000, 0x0000000100000000)
  eden space 12288K, 100% used [0x00000000e0000000,0x00000000e0c00000,0x00000000e0c00000)
  from space 2048K, 0% used [0x00000000e0e00000,0x00000000e0e00000,0x00000000e1000000)
  to   space 2048K, 0% used [0x00000000e0c00000,0x00000000e0c00000,0x00000000e0e00000)
 ParOldGen       total 32768K, used 0K [0x00000000a0000000, 0x00000000a2000000, 0x00000000e0000000)
  object space 32768K, 0% used [0x00000000a0000000,0x00000000a0000000,0x00000000a2000000)
 Metaspace       used 4224K, capacity 5296K, committed 5504K, reserved 1056768K
  class space    used 485K, capacity 528K, committed 640K, reserved 1048576K
Event: 2.879 GC heap after
Heap after GC invocations=1 (full 0):
 PSYoungGen      total 14336K, used 1859K [0x00000000e0000000, 0x00000000e1c00000, 0x0000000100000000)
  eden space 12288K, 0% used [0x00000000e0000000,0x00000000e0000000,0x00000000e0c00000)
  from space 2048K, 90% used [0x00000000e0c00000,0x00000000e0dd0df0,0x00000000e0e00000)
  to   space 2048K, 0% used [0x00000000e1a00000,0x00000000e1a00000,0x00000000e1c00000)
 ParOldGen       total 32768K, used 0K [0x00000000a0000000, 0x00000000a2000000, 0x00000000e0000000)
  object space 32768K, 0% used [0x00000000a0000000,0x00000000a0000000,0x00000000a2000000)
 Metaspace       used 4224K, capacity 5296K, committed 5504K, reserved 1056768K
  class space    used 485K, capacity 528K, committed 640K, reserved 1048576K
}
Event: 5.873 GC heap before
{Heap before GC invocations=2 (full 0):
 PSYoungGen      total 14336K, used 14147K [0x00000000e0000000, 0x00000000e1c00000, 0x0000000100000000)
  eden space 12288K, 100% used [0x00000000e0000000,0x00000000e0c00000,0x00000000e0c00000)
  from space 2048K, 90% used [0x00000000e0c00000,0x00000000e0dd0df0,0x00000000e0e00000)
  to   space 2048K, 0% used [0x00000000e1a00000,0x00000000e1a00000,0x00000000e1c00000)
 ParOldGen       total 32768K, used 0K [0x00000000a0000000, 0x00000000a2000000, 0x00000000e0000000)
  object space 32768K, 0% used [0x00000000a0000000,0x00000000a0000000,0x00000000a2000000)
 Metaspace       used 6892K, capacity 7066K, committed 7424K, reserved 1056768K
  class space    used 846K, capacity 910K, committed 1024K, reserved 1048576K
Event: 5.891 GC heap after
Heap after GC invocations=2 (full 0):
 PSYoungGen      total 26624K, used 2016K [0x00000000e0000000, 0x00000000e1c00000, 0x0000000100000000)
  eden space 24576K, 0% used [0x00000000e0000000,0x00000000e0000000,0x00000000e1800000)
  from space 2048K, 98% used [0x00000000e1a00000,0x00000000e1bf8020,0x00000000e1c00000)
  to   space 2048K, 0% used [0x00000000e1800000,0x00000000e1800000,0x00000000e1a00000)
 ParOldGen       total 32768K, used 1184K [0x00000000a0000000, 0x00000000a2000000, 0x00000000e0000000)
  object space 32768K, 3% used [0x00000000a0000000,0x00000000a0128398,0x00000000a2000000)
 Metaspace       used 6892K, capacity 7066K, committed 7424K, reserved 1056768K
  class space    used 846K, capacity 910K, committed 1024K, reserved 1048576K
}
Event: 7.617 GC heap before
{Heap before GC invocations=3 (full 0):
 PSYoungGen      total 26624K, used 26592K [0x00000000e0000000, 0x00000000e1c00000, 0x0000000100000000)
  eden space 24576K, 100% used [0x00000000e0000000,0x00000000e1800000,0x00000000e1800000)
  from space 2048K, 98% used [0x00000000e1a00000,0x00000000e1bf8020,0x00000000e1c00000)
  to   space 2048K, 0% used [0x00000000e1800000,0x00000000e1800000,0x00000000e1a00000)
 ParOldGen       total 32768K, used 1184K [0x00000000a0000000, 0x00000000a2000000, 0x00000000e0000000)
  object space 32768K, 3% used [0x00000000a0000000,0x00000000a0128398,0x00000000a2000000)
 Metaspace       used 7138K, capacity 7354K, committed 7680K, reserved 1056768K
  class space    used 866K, capacity 942K, committed 1024K, reserved 1048576K
Event: 7.667 GC heap after
Heap after GC invocations=3 (full 0):
 PSYoungGen      total 26624K, used 2032K [0x00000000e0000000, 0x00000000e3400000, 0x0000000100000000)
  eden space 24576K, 0% used [0x00000000e0000000,0x00000000e0000000,0x00000000e1800000)
  from space 2048K, 99% used [0x00000000e1800000,0x00000000e19fc010,0x00000000e1a00000)
  to   space 2048K, 0% used [0x00000000e3200000,0x00000000e3200000,0x00000000e3400000)
 ParOldGen       total 32768K, used 1527K [0x00000000a0000000, 0x00000000a2000000, 0x00000000e0000000)
  object space 32768K, 4% used [0x00000000a0000000,0x00000000a017dda8,0x00000000a2000000)
 Metaspace       used 7138K, capacity 7354K, committed 7680K, reserved 1056768K
  class space    used 866K, capacity 942K, committed 1024K, reserved 1048576K
}
Event: 11.041 GC heap before
{Heap before GC invocations=4 (full 0):
 PSYoungGen      total 26624K, used 26608K [0x00000000e0000000, 0x00000000e3400000, 0x0000000100000000)
  eden space 24576K, 100% used [0x00000000e0000000,0x00000000e1800000,0x00000000e1800000)
  from space 2048K, 99% used [0x00000000e1800000,0x00000000e19fc010,0x00000000e1a00000)
  to   space 2048K, 0% used [0x00000000e3200000,0x00000000e3200000,0x00000000e3400000)
 ParOldGen       total 32768K, used 1527K [0x00000000a0000000, 0x00000000a2000000, 0x00000000e0000000)
  object space 32768K, 4% used [0x00000000a0000000,0x00000000a017dda8,0x00000000a2000000)
 Metaspace       used 7843K, capacity 8084K, committed 8320K, reserved 1056768K
  class space    used 1003K, capacity 1079K, committed 1152K, reserved 1048576K
Event: 11.058 GC heap after
Heap after GC invocations=4 (full 0):
 PSYoungGen      total 51200K, used 2016K [0x00000000e0000000, 0x00000000e3400000, 0x0000000100000000)
  eden space 49152K, 0% used [0x00000000e0000000,0x00000000e0000000,0x00000000e3000000)
  from space 2048K, 98% used [0x00000000e3200000,0x00000000e33f8020,0x00000000e3400000)
  to   space 2048K, 0% used [0x00000000e3000000,0x00000000e3000000,0x00000000e3200000)
 ParOldGen       total 32768K, used 3340K [0x00000000a0000000, 0x00000000a2000000, 0x00000000e0000000)
  object space 32768K, 10% used [0x00000000a0000000,0x00000000a0343090,0x00000000a2000000)
 Metaspace       used 7843K, capacity 8084K, committed 8320K, reserved 1056768K
  class space    used 1003K, capacity 1079K, committed 1152K, reserved 1048576K
}
Event: 32.911 GC heap before
{Heap before GC invocations=5 (full 0):
 PSYoungGen      total 51200K, used 51168K [0x00000000e0000000, 0x00000000e3400000, 0x0000000100000000)
  eden space 49152K, 100% used [0x00000000e0000000,0x00000000e3000000,0x00000000e3000000)
  from space 2048K, 98% used [0x00000000e3200000,0x00000000e33f8020,0x00000000e3400000)
  to   space 2048K, 0% used [0x00000000e3000000,0x00000000e3000000,0x00000000e3200000)
 ParOldGen       total 32768K, used 3340K [0x00000000a0000000, 0x00000000a2000000, 0x00000000e0000000)
  object space 32768K, 10% used [0x00000000a0000000,0x00000000a0343090,0x00000000a2000000)
 Metaspace       used 14403K, capacity 14828K, committed 14976K, reserved 1062912K
  class space    used 1990K, capacity 2130K, committed 2176K, reserved 1048576K
Event: 32.993 GC heap after
Heap after GC invocations=5 (full 0):
 PSYoungGen      total 51200K, used 2032K [0x00000000e0000000, 0x00000000e3400000, 0x0000000100000000)
  eden space 49152K, 0% used [0x00000000e0000000,0x00000000e0000000,0x00000000e3000000)
  from space 2048K, 99% used [0x00000000e3000000,0x00000000e31fc010,0x00000000e3200000)
  to   space 2048K, 0% used [0x00000000e3200000,0x00000000e3200000,0x00000000e3400000)
 ParOldGen       total 32768K, used 9080K [0x00000000a0000000, 0x00000000a2000000, 0x00000000e0000000)
  object space 32768K, 27% used [0x00000000a0000000,0x00000000a08de038,0x00000000a2000000)
 Metaspace       used 14403K, capacity 14828K, committed 14976K, reserved 1062912K
  class space    used 1990K, capacity 2130K, committed 2176K, reserved 1048576K
}

Deoptimization events (10 events):
Event: 18.349 Thread 0x0000000002f6e800 Uncommon trap: reason=unstable_if action=reinterpret pc=0x0000000003218a18 method=java.io.WinNTFileSystem.normalize(Ljava/lang/String;)Ljava/lang/String; @ 128
Event: 25.004 Thread 0x0000000019a24000 Uncommon trap: reason=unstable_if action=reinterpret pc=0x000000000336fb6c method=java.util.concurrent.ConcurrentHashMap.putVal(Ljava/lang/Object;Ljava/lang/Object;Z)Ljava/lang/Object; @ 206
Event: 26.188 Thread 0x0000000019b0c800 Uncommon trap: reason=bimorphic action=maybe_recompile pc=0x00000000031c3c78 method=java.util.HashMap.putVal(ILjava/lang/Object;Ljava/lang/Object;ZZ)Ljava/lang/Object; @ 253
Event: 26.189 Thread 0x0000000019b0c800 Uncommon trap: reason=bimorphic action=maybe_recompile pc=0x00000000031c3c78 method=java.util.HashMap.putVal(ILjava/lang/Object;Ljava/lang/Object;ZZ)Ljava/lang/Object; @ 253
Event: 26.189 Thread 0x0000000019b0c800 Uncommon trap: reason=bimorphic action=maybe_recompile pc=0x00000000031c3c78 method=java.util.HashMap.putVal(ILjava/lang/Object;Ljava/lang/Object;ZZ)Ljava/lang/Object; @ 253
Event: 26.189 Thread 0x0000000019b0c800 Uncommon trap: reason=bimorphic action=maybe_recompile pc=0x00000000031bd098 method=java.util.HashMap.putVal(ILjava/lang/Object;Ljava/lang/Object;ZZ)Ljava/lang/Object; @ 253
Event: 30.007 Thread 0x0000000019b0c800 Uncommon trap: reason=class_check action=maybe_recompile pc=0x0000000003260818 method=java.util.regex.Matcher.match(II)Z @ 86
Event: 30.295 Thread 0x0000000019b0c800 Uncommon trap: reason=class_check action=maybe_recompile pc=0x0000000003260818 method=java.util.regex.Matcher.match(II)Z @ 86
Event: 30.297 Thread 0x0000000019b0c800 Uncommon trap: reason=class_check action=maybe_recompile pc=0x0000000003260818 method=java.util.regex.Matcher.match(II)Z @ 86
Event: 30.298 Thread 0x0000000019b0c800 Uncommon trap: reason=class_check action=maybe_recompile pc=0x00000000030d6b0c method=java.util.regex.Matcher.match(II)Z @ 86

Classes redefined (0 events):
No events

Internal exceptions (10 events):
Event: 25.096 Thread 0x0000000019a24000 Exception <a 'java/lang/NoSuchMethodError': <clinit>> (0x00000000e101ed60) thrown at [D:\src\AOSP-openjdk-cygwin\jdk8u\hotspot\src\share\vm\prims\jni.cpp, line 1614]
Event: 25.247 Thread 0x0000000019a24000 Exception <a 'java/lang/NoSuchMethodError': <clinit>> (0x00000000e1031f10) thrown at [D:\src\AOSP-openjdk-cygwin\jdk8u\hotspot\src\share\vm\prims\jni.cpp, line 1614]
Event: 25.279 Thread 0x0000000019a24000 Exception <a 'java/lang/NoSuchMethodError': <clinit>> (0x00000000e10593c0) thrown at [D:\src\AOSP-openjdk-cygwin\jdk8u\hotspot\src\share\vm\prims\jni.cpp, line 1614]
Event: 25.352 Thread 0x0000000019a24000 Exception <a 'java/lang/NoSuchMethodError': <clinit>> (0x00000000e1071390) thrown at [D:\src\AOSP-openjdk-cygwin\jdk8u\hotspot\src\share\vm\prims\jni.cpp, line 1614]
Event: 25.355 Thread 0x0000000019a24000 Exception <a 'java/lang/NoSuchMethodError': <clinit>> (0x00000000e107a020) thrown at [D:\src\AOSP-openjdk-cygwin\jdk8u\hotspot\src\share\vm\prims\jni.cpp, line 1614]
Event: 25.371 Thread 0x0000000019a24000 Exception <a 'java/lang/NoSuchMethodError': <clinit>> (0x00000000e10905f0) thrown at [D:\src\AOSP-openjdk-cygwin\jdk8u\hotspot\src\share\vm\prims\jni.cpp, line 1614]
Event: 25.513 Thread 0x0000000019a24000 Exception <a 'java/lang/NoSuchMethodError': <clinit>> (0x00000000e10eea28) thrown at [D:\src\AOSP-openjdk-cygwin\jdk8u\hotspot\src\share\vm\prims\jni.cpp, line 1614]
Event: 25.556 Thread 0x0000000019a24000 Exception <a 'java/lang/NoSuchMethodError': <clinit>> (0x00000000e111b778) thrown at [D:\src\AOSP-openjdk-cygwin\jdk8u\hotspot\src\share\vm\prims\jni.cpp, line 1614]
Event: 25.595 Thread 0x0000000019a24000 Exception <a 'java/lang/NoSuchMethodError': <clinit>> (0x00000000e1149a18) thrown at [D:\src\AOSP-openjdk-cygwin\jdk8u\hotspot\src\share\vm\prims\jni.cpp, line 1614]
Event: 25.601 Thread 0x0000000019a24000 Exception <a 'java/lang/NoSuchMethodError': <clinit>> (0x00000000e1154e78) thrown at [D:\src\AOSP-openjdk-cygwin\jdk8u\hotspot\src\share\vm\prims\jni.cpp, line 1614]

Events (10 events):
Event: 33.157 loading class org/gradle/internal/authentication/DefaultAuthenticationSchemeRegistry done
Event: 33.166 loading class org/gradle/authentication/http/BasicAuthentication
Event: 33.166 loading class org/gradle/authentication/http/BasicAuthentication done
Event: 33.174 loading class org/gradle/authentication/Authentication
Event: 33.174 loading class org/gradle/authentication/Authentication done
Event: 33.177 loading class org/gradle/internal/authentication/DefaultBasicAuthentication
Event: 33.177 loading class org/gradle/internal/authentication/DefaultBasicAuthentication done
Event: 33.178 loading class org/gradle/internal/authentication/AbstractAuthentication
Event: 33.178 loading class org/gradle/internal/authentication/AbstractAuthentication done
Event: 33.208 Thread 0x00000000168f4800 flushing nmethod 0x0000000003307510


Dynamic libraries:
0x00007ff76aab0000 - 0x00007ff76aae1000 	C:\Program Files\Android\Android Studio\jre\bin\java.exe
0x00007ff9f9c60000 - 0x00007ff9f9e50000 	C:\WINDOWS\SYSTEM32\ntdll.dll
0x00007ff9f95c0000 - 0x00007ff9f9672000 	C:\WINDOWS\System32\KERNEL32.DLL
0x00007ff9f7a60000 - 0x00007ff9f7d03000 	C:\WINDOWS\System32\KERNELBASE.dll
0x00007ff9f8370000 - 0x00007ff9f8413000 	C:\WINDOWS\System32\ADVAPI32.dll
0x00007ff9f8ff0000 - 0x00007ff9f908e000 	C:\WINDOWS\System32\msvcrt.dll
0x00007ff9f8c90000 - 0x00007ff9f8d27000 	C:\WINDOWS\System32\sechost.dll
0x00007ff9f8d30000 - 0x00007ff9f8e50000 	C:\WINDOWS\System32\RPCRT4.dll
0x00007ff9f8e50000 - 0x00007ff9f8fe4000 	C:\WINDOWS\System32\USER32.dll
0x00007ff9f7860000 - 0x00007ff9f7881000 	C:\WINDOWS\System32\win32u.dll
0x00007ff9f9170000 - 0x00007ff9f9196000 	C:\WINDOWS\System32\GDI32.dll
0x00007ff9f7570000 - 0x00007ff9f7704000 	C:\WINDOWS\System32\gdi32full.dll
0x00007ff9f7910000 - 0x00007ff9f79ae000 	C:\WINDOWS\System32\msvcp_win.dll
0x00007ff9f73c0000 - 0x00007ff9f74ba000 	C:\WINDOWS\System32\ucrtbase.dll
0x00007ff9e60e0000 - 0x00007ff9e6365000 	C:\WINDOWS\WinSxS\amd64_microsoft.windows.common-controls_6595b64144ccf1df_6.0.18362.778_none_e6c6b761130d4fb8\COMCTL32.dll
0x00007ff9f91a0000 - 0x00007ff9f94d6000 	C:\WINDOWS\System32\combase.dll
0x00007ff9f79e0000 - 0x00007ff9f7a60000 	C:\WINDOWS\System32\bcryptPrimitives.dll
0x00007ff9f9680000 - 0x00007ff9f96ae000 	C:\WINDOWS\System32\IMM32.DLL
0x0000000052630000 - 0x0000000052702000 	C:\Program Files\Android\Android Studio\jre\jre\bin\msvcr100.dll
0x0000000054690000 - 0x0000000054ed6000 	C:\Program Files\Android\Android Studio\jre\jre\bin\server\jvm.dll
0x00007ff9f9740000 - 0x00007ff9f9748000 	C:\WINDOWS\System32\PSAPI.DLL
0x00007ff9f2540000 - 0x00007ff9f2549000 	C:\WINDOWS\SYSTEM32\WSOCK32.dll
0x00007ff9f9100000 - 0x00007ff9f916f000 	C:\WINDOWS\System32\WS2_32.dll
0x00007ff9f4470000 - 0x00007ff9f4494000 	C:\WINDOWS\SYSTEM32\WINMM.dll
0x00007ff9ef500000 - 0x00007ff9ef50a000 	C:\WINDOWS\SYSTEM32\VERSION.dll
0x00007ff9f3fe0000 - 0x00007ff9f400d000 	C:\WINDOWS\SYSTEM32\WINMMBASE.dll
0x00007ff9f7370000 - 0x00007ff9f73ba000 	C:\WINDOWS\System32\cfgmgr32.dll
0x00007ff9ed770000 - 0x00007ff9ed77f000 	C:\Program Files\Android\Android Studio\jre\jre\bin\verify.dll
0x00007ff9ea280000 - 0x00007ff9ea2a9000 	C:\Program Files\Android\Android Studio\jre\jre\bin\java.dll
0x00007ff9ea260000 - 0x00007ff9ea276000 	C:\Program Files\Android\Android Studio\jre\jre\bin\zip.dll
0x00007ff9f85a0000 - 0x00007ff9f8c85000 	C:\WINDOWS\System32\SHELL32.dll
0x00007ff9f9880000 - 0x00007ff9f9929000 	C:\WINDOWS\System32\shcore.dll
0x00007ff9f6bf0000 - 0x00007ff9f7370000 	C:\WINDOWS\System32\windows.storage.dll
0x00007ff9f6b30000 - 0x00007ff9f6b53000 	C:\WINDOWS\System32\profapi.dll
0x00007ff9f6b60000 - 0x00007ff9f6baa000 	C:\WINDOWS\System32\powrprof.dll
0x00007ff9f6b20000 - 0x00007ff9f6b30000 	C:\WINDOWS\System32\UMPDC.dll
0x00007ff9f82b0000 - 0x00007ff9f8302000 	C:\WINDOWS\System32\shlwapi.dll
0x00007ff9f6bb0000 - 0x00007ff9f6bc1000 	C:\WINDOWS\System32\kernel.appcore.dll
0x00007ff9f7890000 - 0x00007ff9f78a7000 	C:\WINDOWS\System32\cryptsp.dll
0x00007ff9ea220000 - 0x00007ff9ea23a000 	C:\Program Files\Android\Android Studio\jre\jre\bin\net.dll
0x00007ff9eaa80000 - 0x00007ff9eac55000 	C:\WINDOWS\SYSTEM32\urlmon.dll
0x00007ff9eae00000 - 0x00007ff9eb0a6000 	C:\WINDOWS\SYSTEM32\iertutil.dll
0x00007ff9f6560000 - 0x00007ff9f656c000 	C:\WINDOWS\SYSTEM32\CRYPTBASE.DLL
0x00007ff9f6390000 - 0x00007ff9f63f7000 	C:\WINDOWS\system32\mswsock.dll
0x00007ff9ea200000 - 0x00007ff9ea213000 	C:\Program Files\Android\Android Studio\jre\jre\bin\nio.dll
0x00007ff9e5680000 - 0x00007ff9e56a6000 	C:\Users\chugu\.gradle\native\30\windows-amd64\native-platform.dll
0x00007ff9ed700000 - 0x00007ff9ed70d000 	C:\Program Files\Android\Android Studio\jre\jre\bin\management.dll
0x00007ff9f5f00000 - 0x00007ff9f5f33000 	C:\WINDOWS\system32\rsaenh.dll
0x00007ff9f79b0000 - 0x00007ff9f79d6000 	C:\WINDOWS\System32\bcrypt.dll
0x00007ff9f6a10000 - 0x00007ff9f6a35000 	C:\WINDOWS\SYSTEM32\USERENV.dll
0x00007ff9f60a0000 - 0x00007ff9f60da000 	C:\WINDOWS\SYSTEM32\IPHLPAPI.DLL
0x00007ff9f9730000 - 0x00007ff9f9738000 	C:\WINDOWS\System32\NSI.dll
0x00007ff9eefd0000 - 0x00007ff9eefe6000 	C:\WINDOWS\SYSTEM32\dhcpcsvc6.DLL
0x00007ff9eefb0000 - 0x00007ff9eefcc000 	C:\WINDOWS\SYSTEM32\dhcpcsvc.DLL
0x00007ff9f60f0000 - 0x00007ff9f61ba000 	C:\WINDOWS\SYSTEM32\DNSAPI.dll

VM Arguments:
jvm_args: -Xmx1536m -Dfile.encoding=windows-1251 -Duser.country=RU -Duser.language=ru -Duser.variant 
java_command: org.gradle.launcher.daemon.bootstrap.GradleDaemon 5.6.4
java_class_path (initial): C:\Users\chugu\.gradle\wrapper\dists\gradle-5.6.4-all\ankdp27end7byghfw1q2sw75f\gradle-5.6.4\lib\gradle-launcher-5.6.4.jar
Launcher Type: SUN_STANDARD

Environment Variables:
JAVA_HOME=C:\Program Files\Java\jdk1.8.0_241
PATH=C:\Program Files (x86)\Common Files\Oracle\Java\javapath;C:\WINDOWS\system32;C:\WINDOWS;C:\WINDOWS\System32\Wbem;C:\WINDOWS\System32\WindowsPowerShell\v1.0\;C:\WINDOWS\System32\OpenSSH\;C:\Program Files (x86)\ATI Technologies\ATI.ACE\Core-Static;"C:\Program Files (x86)\AMD\ATI.ACE\Core-Static\C:\Program Files\Java\jdk1.8.0_241\bin;";C:\Program Files\Git\cmd;C:\Users\chugu\AppData\Local\Microsoft\WindowsApps;;C:\Users\chugu\AppData\Local\Programs\Microsoft VS Code\bin
USERNAME=chugu
OS=Windows_NT
PROCESSOR_IDENTIFIER=Intel64 Family 6 Model 37 Stepping 5, GenuineIntel



---------------  S Y S T E M  ---------------

OS: Windows 10.0 , 64 bit Build 18362 (10.0.18362.778)

CPU:total 4 (initial active 4) (2 cores per cpu, 2 threads per core) family 6 model 37 stepping 5, cmov, cx8, fxsr, mmx, sse, sse2, sse3, ssse3, sse4.1, sse4.2, popcnt, ht, tsc, tscinvbit

Memory: 4k page, physical 3070812k(186440k free), swap 4619100k(5928k free)

vm_info: OpenJDK 64-Bit Server VM (25.212-b04) for windows-amd64 JRE (1.8.0_212-release-1586-b04), built by "builder" with MS VC++ 10.0 (VS2010)

time: Tue May 12 00:42:18 2020
timezone: RTZ 2 (зима)
elapsed time: 33 seconds (0d 0h 0m 33s)

