#
# There is insufficient memory for the Java Runtime Environment to continue.
# Native memory allocation (malloc) failed to allocate 131088 bytes for Chunk::new
# Possible reasons:
#   The system is out of physical RAM or swap space
#   The process is running with CompressedOops enabled, and the Java Heap may be blocking the growth of the native heap
# Possible solutions:
#   Reduce memory load on the system
#   Increase physical memory or swap space
#   Check if swap backing store is full
#   Decrease Java heap size (-Xmx/-Xms)
#   Decrease number of Java threads
#   Decrease Java thread stack sizes (-Xss)
#   Set larger code cache with -XX:ReservedCodeCacheSize=
#   JVM is running with Unscaled Compressed Oops mode in which the Java heap is
#     placed in the first 4GB address space. The Java Heap base address is the
#     maximum limit for the native heap growth. Please use -XX:HeapBaseMinAddress
#     to set the Java Heap base and to place the Java Heap above 4GB virtual address.
# This output file may be truncated or incomplete.
#
#  Out of Memory Error (allocation.cpp:389), pid=4792, tid=0x0000000000001ca8
#
# JRE version: OpenJDK Runtime Environment (8.0_212-b04) (build 1.8.0_212-release-1586-b04)
# Java VM: OpenJDK 64-Bit Server VM (25.212-b04 mixed mode windows-amd64 compressed oops)
# Failed to write core dump. Minidumps are not enabled by default on client versions of Windows
#

---------------  T H R E A D  ---------------

Current thread (0x0000000016aac000):  JavaThread "C2 CompilerThread1" daemon [_thread_in_native, id=7336, stack(0x0000000018200000,0x0000000018300000)]

Stack: [0x0000000018200000,0x0000000018300000]
[error occurred during error reporting (printing stack bounds), id 0xc0000005]

Native frames: (J=compiled Java code, j=interpreted, Vv=VM code, C=native code)


Current CompileTask:
C2: 161586 4528   !   4       com.google.common.reflect.TypeVisitor::visit (225 bytes)


 P R O C E S S  ---------------

Java Threads: ( => current thread )
  0x000000001be09800 JavaThread "Cache worker for Build Output Cleanup Cache (C:\Users\chugu\AndroidStudioProjects\MoneyTracker\.gradle\buildOutputCleanup)" [_thread_blocked, id=7156, stack(0x0000000022990000,0x0000000022a90000)]
  0x000000001be0c800 JavaThread "pool-1-thread-1" [_thread_blocked, id=7732, stack(0x0000000022690000,0x0000000022790000)]
  0x000000001be0c000 JavaThread "Build operations Thread 4" [_thread_blocked, id=2636, stack(0x0000000022190000,0x0000000022290000)]
  0x000000001be0f800 JavaThread "Build operations Thread 3" [_thread_blocked, id=6792, stack(0x0000000020e20000,0x0000000020f20000)]
  0x000000001be10800 JavaThread "Build operations Thread 2" [_thread_blocked, id=4260, stack(0x0000000020d20000,0x0000000020e20000)]
  0x000000001be0e000 JavaThread "Build operations" [_thread_blocked, id=8172, stack(0x0000000020c20000,0x0000000020d20000)]
  0x000000001be0d800 JavaThread "Cache worker for execution history cache (C:\Users\chugu\.gradle\caches\5.6.4\executionHistory)" [_thread_blocked, id=3672, stack(0x000000001f890000,0x000000001f990000)]
  0x000000001be0b000 JavaThread "Cache worker for cache directory md-rule (C:\Users\chugu\.gradle\caches\5.6.4\md-rule)" [_thread_blocked, id=4084, stack(0x000000001e500000,0x000000001e600000)]
  0x000000001be0f000 JavaThread "Cache worker for cache directory md-supplier (C:\Users\chugu\.gradle\caches\5.6.4\md-supplier)" [_thread_blocked, id=4180, stack(0x00000000013f0000,0x00000000014f0000)]
  0x0000000019167800 JavaThread "Cache worker for file hash cache (C:\Users\chugu\AndroidStudioProjects\MoneyTracker\.gradle\5.6.4\fileHashes)" [_thread_blocked, id=76, stack(0x000000001da00000,0x000000001db00000)]
  0x000000001916a000 JavaThread "Cache worker for journal cache (C:\Users\chugu\.gradle\caches\journal-1)" [_thread_blocked, id=4976, stack(0x000000001b660000,0x000000001b760000)]
  0x0000000019165800 JavaThread "File lock request listener" [_thread_in_native, id=2256, stack(0x000000001b560000,0x000000001b660000)]
  0x0000000018fad000 JavaThread "Cache worker for file hash cache (C:\Users\chugu\.gradle\caches\5.6.4\fileHashes)" [_thread_blocked, id=3240, stack(0x000000001b460000,0x000000001b560000)]
  0x0000000018c7a000 JavaThread "Thread-9" [_thread_blocked, id=5004, stack(0x000000001b160000,0x000000001b260000)]
  0x0000000018d78800 JavaThread "Asynchronous log dispatcher for DefaultDaemonConnection: socket connection from /127.0.0.1:52175 to /127.0.0.1:52177" [_thread_blocked, id=6916, stack(0x000000001af60000,0x000000001b060000)]
  0x000000001852b000 JavaThread "Daemon worker" [_thread_in_native, id=1448, stack(0x00000000012f0000,0x00000000013f0000)]
  0x0000000019cf1000 JavaThread "Cancel handler" [_thread_blocked, id=5612, stack(0x00000000010d0000,0x00000000011d0000)]
  0x00000000196ed000 JavaThread "Handler for socket connection from /127.0.0.1:52175 to /127.0.0.1:52177" [_thread_in_native, id=5768, stack(0x000000001ac60000,0x000000001ad60000)]
  0x000000001858d800 JavaThread "Daemon" [_thread_blocked, id=1440, stack(0x000000001ab60000,0x000000001ac60000)]
  0x0000000018534000 JavaThread "Daemon periodic checks" [_thread_blocked, id=8176, stack(0x000000001aa60000,0x000000001ab60000)]
  0x00000000196ef000 JavaThread "Incoming local TCP Connector on port 52175" [_thread_in_native, id=4488, stack(0x000000001a810000,0x000000001a910000)]
  0x0000000019402800 JavaThread "Daemon health stats" [_thread_blocked, id=1636, stack(0x000000001a1d0000,0x000000001a2d0000)]
  0x0000000018418800 JavaThread "Service Thread" daemon [_thread_blocked, id=5976, stack(0x0000000018800000,0x0000000018900000)]
  0x0000000016ab1800 JavaThread "C1 CompilerThread2" daemon [_thread_blocked, id=6340, stack(0x0000000018300000,0x0000000018400000)]
=>0x0000000016aac000 JavaThread "C2 CompilerThread1" daemon [_thread_in_native, id=7336, stack(0x0000000018200000,0x0000000018300000)]
  0x0000000016aa9000 JavaThread "C2 CompilerThread0" daemon [_thread_blocked, id=2460, stack(0x0000000018100000,0x0000000018200000)]
  0x0000000016aa4000 JavaThread "Attach Listener" daemon [_thread_blocked, id=6952, stack(0x0000000018000000,0x0000000018100000)]
  0x0000000016aa2800 JavaThread "Signal Dispatcher" daemon [_thread_blocked, id=3608, stack(0x0000000017f00000,0x0000000018000000)]
  0x000000000312b000 JavaThread "Finalizer" daemon [_thread_blocked, id=4528, stack(0x0000000017cf0000,0x0000000017df0000)]
  0x0000000016a89000 JavaThread "Reference Handler" daemon [_thread_blocked, id=7492, stack(0x0000000017bf0000,0x0000000017cf0000)]
  0x000000000302e800 JavaThread "main" [_thread_blocked, id=856, stack(0x0000000002e40000,0x0000000002f40000)]

Other Threads:
  0x0000000016a66000 VMThread [stack: 0x0000000017af0000,0x0000000017bf0000] [id=2440]
  0x0000000016afe000 WatcherThread [stack: 0x0000000018900000,0x0000000018a00000] [id=4900]

VM state:not at safepoint (normal execution)

VM Mutex/Monitor currently owned by a thread: None

heap address: 0x00000000a0000000, size: 1536 MB, Compressed Oops mode: 32-bit
Narrow klass base: 0x0000000000000000, Narrow klass shift: 3
Compressed class space size: 1073741824 Address: 0x0000000100000000

Heap:
 PSYoungGen      total 46592K, used 17640K [0x00000000e0000000, 0x00000000e3a00000, 0x0000000100000000)
  eden space 39936K, 32% used [0x00000000e0000000,0x00000000e0cdcdc0,0x00000000e2700000)
  from space 6656K, 67% used [0x00000000e2700000,0x00000000e2b5d610,0x00000000e2d80000)
  to   space 6656K, 0% used [0x00000000e3380000,0x00000000e3380000,0x00000000e3a00000)
 ParOldGen       total 31744K, used 22699K [0x00000000a0000000, 0x00000000a1f00000, 0x00000000e0000000)
  object space 31744K, 71% used [0x00000000a0000000,0x00000000a162ae90,0x00000000a1f00000)
 Metaspace       used 49460K, capacity 50870K, committed 51072K, reserved 1093632K
  class space    used 6641K, capacity 7004K, committed 7040K, reserved 1048576K

Card table byte_map: [0x00000000124f0000,0x0000000012800000] byte_map_base: 0x0000000011ff0000

Marking Bits: (ParMarkBitMap*) 0x0000000054e59f30
 Begin Bits: [0x0000000012e00000, 0x0000000014600000)
 End Bits:   [0x0000000014600000, 0x0000000015e00000)

Polling page: 0x00000000011e0000

CodeCache: size=245760Kb used=14396Kb max_used=14396Kb free=231363Kb
 bounds [0x0000000003130000, 0x0000000003f50000, 0x0000000012130000]
 total_blobs=4902 nmethods=4134 adapters=681
 compilation: enabled

Compilation events (10 events):
Event: 161.178 Thread 0x0000000016ab1800 4533       3       java.lang.invoke.MethodHandles$Lookup::getDirectMethodCommon (271 bytes)
Event: 161.180 Thread 0x0000000016ab1800 nmethod 4533 0x0000000003f43350 code [0x0000000003f43660, 0x0000000003f450d8]
Event: 161.181 Thread 0x0000000016ab1800 4534       3       java.lang.invoke.MethodHandles$Lookup::checkMethod (83 bytes)
Event: 161.182 Thread 0x0000000016ab1800 nmethod 4534 0x0000000003f45a10 code [0x0000000003f45be0, 0x0000000003f46618]
Event: 161.182 Thread 0x0000000016ab1800 4535       3       java.lang.invoke.MethodHandles$Lookup::maybeBindCaller (44 bytes)
Event: 161.183 Thread 0x0000000016ab1800 nmethod 4535 0x0000000003f46d50 code [0x0000000003f46f20, 0x0000000003f47898]
Event: 161.183 Thread 0x0000000016ab1800 4536       3       sun.invoke.util.VerifyAccess::isMemberAccessible (261 bytes)
Event: 161.185 Thread 0x0000000016ab1800 nmethod 4536 0x0000000003f47c50 code [0x0000000003f47f20, 0x0000000003f494d8]
Event: 161.185 Thread 0x0000000016ab1800 4538       1       org.gradle.internal.operations.DefaultBuildOperationExecutor::access$700 (4 bytes)
Event: 161.185 Thread 0x0000000016ab1800 nmethod 4538 0x0000000003f49d10 code [0x0000000003f49e60, 0x0000000003f49f50]

GC Heap History (10 events):
Event: 138.021 GC heap before
{Heap before GC invocations=31 (full 2):
 PSYoungGen      total 31232K, used 1811K [0x00000000e0000000, 0x00000000e2980000, 0x0000000100000000)
  eden space 28160K, 0% used [0x00000000e0000000,0x00000000e0000000,0x00000000e1b80000)
  from space 3072K, 58% used [0x00000000e1b80000,0x00000000e1d44df0,0x00000000e1e80000)
  to   space 3072K, 0% used [0x00000000e2680000,0x00000000e2680000,0x00000000e2980000)
 ParOldGen       total 22016K, used 14202K [0x00000000a0000000, 0x00000000a1580000, 0x00000000e0000000)
  object space 22016K, 64% used [0x00000000a0000000,0x00000000a0dde8e0,0x00000000a1580000)
 Metaspace       used 34623K, capacity 35384K, committed 35456K, reserved 1079296K
  class space    used 4753K, capacity 4965K, committed 4992K, reserved 1048576K
Event: 138.182 GC heap after
Heap after GC invocations=31 (full 2):
 PSYoungGen      total 31232K, used 0K [0x00000000e0000000, 0x00000000e2980000, 0x0000000100000000)
  eden space 28160K, 0% used [0x00000000e0000000,0x00000000e0000000,0x00000000e1b80000)
  from space 3072K, 0% used [0x00000000e1b80000,0x00000000e1b80000,0x00000000e1e80000)
  to   space 3072K, 0% used [0x00000000e2680000,0x00000000e2680000,0x00000000e2980000)
 ParOldGen       total 31744K, used 14751K [0x00000000a0000000, 0x00000000a1f00000, 0x00000000e0000000)
  object space 31744K, 46% used [0x00000000a0000000,0x00000000a0e67d78,0x00000000a1f00000)
 Metaspace       used 34616K, capacity 35360K, committed 35456K, reserved 1079296K
  class space    used 4751K, capacity 4961K, committed 4992K, reserved 1048576K
}
Event: 144.552 GC heap before
{Heap before GC invocations=32 (full 2):
 PSYoungGen      total 31232K, used 28160K [0x00000000e0000000, 0x00000000e2980000, 0x0000000100000000)
  eden space 28160K, 100% used [0x00000000e0000000,0x00000000e1b80000,0x00000000e1b80000)
  from space 3072K, 0% used [0x00000000e1b80000,0x00000000e1b80000,0x00000000e1e80000)
  to   space 3072K, 0% used [0x00000000e2680000,0x00000000e2680000,0x00000000e2980000)
 ParOldGen       total 31744K, used 14751K [0x00000000a0000000, 0x00000000a1f00000, 0x00000000e0000000)
  object space 31744K, 46% used [0x00000000a0000000,0x00000000a0e67d78,0x00000000a1f00000)
 Metaspace       used 38304K, capacity 39350K, committed 39680K, reserved 1083392K
  class space    used 5261K, capacity 5533K, committed 5632K, reserved 1048576K
Event: 144.563 GC heap after
Heap after GC invocations=32 (full 2):
 PSYoungGen      total 37376K, used 3052K [0x00000000e0000000, 0x00000000e2980000, 0x0000000100000000)
  eden space 34304K, 0% used [0x00000000e0000000,0x00000000e0000000,0x00000000e2180000)
  from space 3072K, 99% used [0x00000000e2680000,0x00000000e297b038,0x00000000e2980000)
  to   space 3584K, 0% used [0x00000000e2280000,0x00000000e2280000,0x00000000e2600000)
 ParOldGen       total 31744K, used 15455K [0x00000000a0000000, 0x00000000a1f00000, 0x00000000e0000000)
  object space 31744K, 48% used [0x00000000a0000000,0x00000000a0f17c10,0x00000000a1f00000)
 Metaspace       used 38304K, capacity 39350K, committed 39680K, reserved 1083392K
  class space    used 5261K, capacity 5533K, committed 5632K, reserved 1048576K
}
Event: 147.801 GC heap before
{Heap before GC invocations=33 (full 2):
 PSYoungGen      total 37376K, used 37356K [0x00000000e0000000, 0x00000000e2980000, 0x0000000100000000)
  eden space 34304K, 100% used [0x00000000e0000000,0x00000000e2180000,0x00000000e2180000)
  from space 3072K, 99% used [0x00000000e2680000,0x00000000e297b038,0x00000000e2980000)
  to   space 3584K, 0% used [0x00000000e2280000,0x00000000e2280000,0x00000000e2600000)
 ParOldGen       total 31744K, used 15455K [0x00000000a0000000, 0x00000000a1f00000, 0x00000000e0000000)
  object space 31744K, 48% used [0x00000000a0000000,0x00000000a0f17c10,0x00000000a1f00000)
 Metaspace       used 42037K, capacity 43134K, committed 43392K, reserved 1087488K
  class space    used 5705K, capacity 5993K, committed 6016K, reserved 1048576K
Event: 147.815 GC heap after
Heap after GC invocations=33 (full 2):
 PSYoungGen      total 38912K, used 3576K [0x00000000e0000000, 0x00000000e3280000, 0x0000000100000000)
  eden space 35328K, 0% used [0x00000000e0000000,0x00000000e0000000,0x00000000e2280000)
  from space 3584K, 99% used [0x00000000e2280000,0x00000000e25fe3d8,0x00000000e2600000)
  to   space 5120K, 0% used [0x00000000e2d80000,0x00000000e2d80000,0x00000000e3280000)
 ParOldGen       total 31744K, used 17833K [0x00000000a0000000, 0x00000000a1f00000, 0x00000000e0000000)
  object space 31744K, 56% used [0x00000000a0000000,0x00000000a116a678,0x00000000a1f00000)
 Metaspace       used 42037K, capacity 43134K, committed 43392K, reserved 1087488K
  class space    used 5705K, capacity 5993K, committed 6016K, reserved 1048576K
}
Event: 153.769 GC heap before
{Heap before GC invocations=34 (full 2):
 PSYoungGen      total 38912K, used 38710K [0x00000000e0000000, 0x00000000e3280000, 0x0000000100000000)
  eden space 35328K, 99% used [0x00000000e0000000,0x00000000e224f4b0,0x00000000e2280000)
  from space 3584K, 99% used [0x00000000e2280000,0x00000000e25fe3d8,0x00000000e2600000)
  to   space 5120K, 0% used [0x00000000e2d80000,0x00000000e2d80000,0x00000000e3280000)
 ParOldGen       total 31744K, used 17833K [0x00000000a0000000, 0x00000000a1f00000, 0x00000000e0000000)
  object space 31744K, 56% used [0x00000000a0000000,0x00000000a116a678,0x00000000a1f00000)
 Metaspace       used 44728K, capacity 45800K, committed 46080K, reserved 1089536K
  class space    used 6036K, capacity 6320K, committed 6400K, reserved 1048576K
Event: 153.784 GC heap after
Heap after GC invocations=34 (full 2):
 PSYoungGen      total 45056K, used 5104K [0x00000000e0000000, 0x00000000e3600000, 0x0000000100000000)
  eden space 39936K, 0% used [0x00000000e0000000,0x00000000e0000000,0x00000000e2700000)
  from space 5120K, 99% used [0x00000000e2d80000,0x00000000e327c1c8,0x00000000e3280000)
  to   space 6656K, 0% used [0x00000000e2700000,0x00000000e2700000,0x00000000e2d80000)
 ParOldGen       total 31744K, used 19312K [0x00000000a0000000, 0x00000000a1f00000, 0x00000000e0000000)
  object space 31744K, 60% used [0x00000000a0000000,0x00000000a12dc390,0x00000000a1f00000)
 Metaspace       used 44728K, capacity 45800K, committed 46080K, reserved 1089536K
  class space    used 6036K, capacity 6320K, committed 6400K, reserved 1048576K
}
Event: 157.023 GC heap before
{Heap before GC invocations=35 (full 2):
 PSYoungGen      total 45056K, used 45040K [0x00000000e0000000, 0x00000000e3600000, 0x0000000100000000)
  eden space 39936K, 100% used [0x00000000e0000000,0x00000000e2700000,0x00000000e2700000)
  from space 5120K, 99% used [0x00000000e2d80000,0x00000000e327c1c8,0x00000000e3280000)
  to   space 6656K, 0% used [0x00000000e2700000,0x00000000e2700000,0x00000000e2d80000)
 ParOldGen       total 31744K, used 19312K [0x00000000a0000000, 0x00000000a1f00000, 0x00000000e0000000)
  object space 31744K, 60% used [0x00000000a0000000,0x00000000a12dc390,0x00000000a1f00000)
 Metaspace       used 47884K, capacity 49006K, committed 49280K, reserved 1091584K
  class space    used 6408K, capacity 6738K, committed 6784K, reserved 1048576K
Event: 157.043 GC heap after
Heap after GC invocations=35 (full 2):
 PSYoungGen      total 46592K, used 4469K [0x00000000e0000000, 0x00000000e3a00000, 0x0000000100000000)
  eden space 39936K, 0% used [0x00000000e0000000,0x00000000e0000000,0x00000000e2700000)
  from space 6656K, 67% used [0x00000000e2700000,0x00000000e2b5d610,0x00000000e2d80000)
  to   space 6656K, 0% used [0x00000000e3380000,0x00000000e3380000,0x00000000e3a00000)
 ParOldGen       total 31744K, used 22699K [0x00000000a0000000, 0x00000000a1f00000, 0x00000000e0000000)
  object space 31744K, 71% used [0x00000000a0000000,0x00000000a162ae90,0x00000000a1f00000)
 Metaspace       used 47884K, capacity 49006K, committed 49280K, reserved 1091584K
  class space    used 6408K, capacity 6738K, committed 6784K, reserved 1048576K
}

Deoptimization events (10 events):
Event: 149.352 Thread 0x000000001852b000 Uncommon trap: reason=unstable_if action=reinterpret pc=0x0000000003b4e9fc method=java.util.LinkedHashMap.get(Ljava/lang/Object;)Ljava/lang/Object; @ 20
Event: 149.557 Thread 0x000000001852b000 Uncommon trap: reason=unstable_if action=reinterpret pc=0x0000000003c2497c method=java.security.CodeSource.matchCerts(Ljava/security/CodeSource;Z)Z @ 11
Event: 149.933 Thread 0x000000001852b000 Uncommon trap: reason=unstable_if action=reinterpret pc=0x00000000035923f0 method=org.objectweb.asm.ByteVector.putUTF8(Ljava/lang/String;)Lorg/objectweb/asm/ByteVector; @ 93
Event: 154.318 Thread 0x000000001852b000 Uncommon trap: reason=unstable_if action=reinterpret pc=0x000000000395ab14 method=org.gradle.internal.reflect.PropertyAccessorType.of(Ljava/lang/reflect/Method;)Lorg/gradle/internal/reflect/PropertyAccessorType; @ 56
Event: 155.478 Thread 0x000000001852b000 Uncommon trap: reason=speculate_class_check action=maybe_recompile pc=0x0000000003aed668 method=com.google.common.collect.AbstractIndexedListIterator.next()Ljava/lang/Object; @ 27
Event: 155.478 Thread 0x000000001852b000 Uncommon trap: reason=speculate_class_check action=maybe_recompile pc=0x0000000003aed668 method=com.google.common.collect.AbstractIndexedListIterator.next()Ljava/lang/Object; @ 27
Event: 155.478 Thread 0x000000001852b000 Uncommon trap: reason=speculate_class_check action=maybe_recompile pc=0x0000000003aed668 method=com.google.common.collect.AbstractIndexedListIterator.next()Ljava/lang/Object; @ 27
Event: 155.478 Thread 0x000000001852b000 Uncommon trap: reason=speculate_class_check action=maybe_recompile pc=0x0000000003aed668 method=com.google.common.collect.AbstractIndexedListIterator.next()Ljava/lang/Object; @ 27
Event: 155.815 Thread 0x000000001852b000 Uncommon trap: reason=unstable_if action=reinterpret pc=0x0000000003d09430 method=org.gradle.internal.instantiation.AbstractClassGenerator$InjectionAnnotationValidator.validateMethod(Ljava/lang/reflect/Method;Lorg/gradle/internal/reflect/PropertyAccessorT
Event: 156.179 Thread 0x000000001852b000 Uncommon trap: reason=unstable_if action=reinterpret pc=0x0000000003c16ce8 method=java.util.WeakHashMap.put(Ljava/lang/Object;Ljava/lang/Object;)Ljava/lang/Object; @ 59

Classes redefined (0 events):
No events

Internal exceptions (10 events):
Event: 156.343 Thread 0x000000001852b000 Exception <a 'java/lang/ClassNotFoundException': org/gradle/api/internal/file/AbstractFileCollectionBeanInfo> (0x00000000e2344488) thrown at [D:\src\AOSP-openjdk-cygwin\jdk8u\hotspot\src\share\vm\classfile\systemDictionary.cpp, line 210]
Event: 156.345 Thread 0x000000001852b000 Exception <a 'java/lang/ClassNotFoundException': org/gradle/api/internal/file/AbstractFileCollectionCustomizer> (0x00000000e2381d18) thrown at [D:\src\AOSP-openjdk-cygwin\jdk8u\hotspot\src\share\vm\classfile\systemDictionary.cpp, line 210]
Event: 156.348 Thread 0x000000001852b000 Exception <a 'java/lang/ClassNotFoundException': org/gradle/api/internal/file/CompositeFileCollectionCustomizer> (0x00000000e23cf788) thrown at [D:\src\AOSP-openjdk-cygwin\jdk8u\hotspot\src\share\vm\classfile\systemDictionary.cpp, line 210]
Event: 156.351 Thread 0x000000001852b000 Exception <a 'java/lang/ClassNotFoundException': org/gradle/api/internal/file/CompositeFileTreeCustomizer> (0x00000000e24197f8) thrown at [D:\src\AOSP-openjdk-cygwin\jdk8u\hotspot\src\share\vm\classfile\systemDictionary.cpp, line 210]
Event: 156.354 Thread 0x000000001852b000 Exception <a 'java/lang/ClassNotFoundException': org/gradle/api/internal/file/collections/DefaultConfigurableFileTreeCustomizer> (0x00000000e246e660) thrown at [D:\src\AOSP-openjdk-cygwin\jdk8u\hotspot\src\share\vm\classfile\systemDictionary.cpp, line 210
Event: 159.787 Thread 0x000000001852b000 Exception <a 'java/lang/ClassNotFoundException': org/gradle/api/plugins/internal/DefaultBasePluginConventionBeanInfo> (0x00000000e07ddcc0) thrown at [D:\src\AOSP-openjdk-cygwin\jdk8u\hotspot\src\share\vm\classfile\systemDictionary.cpp, line 210]
Event: 159.787 Thread 0x000000001852b000 Exception <a 'java/lang/ClassNotFoundException': org/gradle/api/plugins/BasePluginConventionBeanInfo> (0x00000000e0808380) thrown at [D:\src\AOSP-openjdk-cygwin\jdk8u\hotspot\src\share\vm\classfile\systemDictionary.cpp, line 210]
Event: 159.788 Thread 0x000000001852b000 Exception <a 'java/lang/ClassNotFoundException': org/gradle/api/plugins/BasePluginConventionCustomizer> (0x00000000e0833120) thrown at [D:\src\AOSP-openjdk-cygwin\jdk8u\hotspot\src\share\vm\classfile\systemDictionary.cpp, line 210]
Event: 159.790 Thread 0x000000001852b000 Exception <a 'java/lang/ClassNotFoundException': org/gradle/api/plugins/internal/DefaultBasePluginConventionCustomizer> (0x00000000e0877f38) thrown at [D:\src\AOSP-openjdk-cygwin\jdk8u\hotspot\src\share\vm\classfile\systemDictionary.cpp, line 210]
Event: 159.878 Thread 0x000000001852b000 Exception <a 'java/lang/NoSuchMethodError': java.lang.Object.lambda$comparingInt$7b0bb60$1(Ljava/util/function/ToIntFunction;Ljava/lang/Object;Ljava/lang/Object;)I> (0x00000000e08fec18) thrown at [D:\src\AOSP-openjdk-cygwin\jdk8u\hotspot\src\share\vm\inte

Events (10 events):
Event: 161.183 loading class com/android/build/gradle/internal/scope/VariantScope
Event: 161.183 loading class com/android/build/gradle/internal/scope/VariantScope done
Event: 161.184 loading class com/android/build/gradle/internal/scope/VariantScope
Event: 161.184 loading class com/android/build/gradle/internal/scope/VariantScope done
Event: 161.184 loading class com/android/build/gradle/internal/scope/VariantScope
Event: 161.184 loading class com/android/build/gradle/internal/scope/VariantScope done
Event: 161.185 loading class com/android/build/gradle/internal/tasks/AppPreBuildTask
Event: 161.185 loading class com/android/build/gradle/internal/tasks/AppPreBuildTask done
Event: 161.266 loading class com/android/build/gradle/internal/tasks/AppPreBuildTask$Companion
Event: 161.266 loading class com/android/build/gradle/internal/tasks/AppPreBuildTask$Companion done


Dynamic libraries:
0x00007ff7d1320000 - 0x00007ff7d1351000 	C:\Program Files\Android\Android Studio\jre\bin\java.exe
0x00007ff9f9c60000 - 0x00007ff9f9e50000 	C:\WINDOWS\SYSTEM32\ntdll.dll
0x00007ff9f95c0000 - 0x00007ff9f9672000 	C:\WINDOWS\System32\KERNEL32.DLL
0x00007ff9f7a60000 - 0x00007ff9f7d03000 	C:\WINDOWS\System32\KERNELBASE.dll
0x00007ff9f8370000 - 0x00007ff9f8413000 	C:\WINDOWS\System32\ADVAPI32.dll
0x00007ff9f8ff0000 - 0x00007ff9f908e000 	C:\WINDOWS\System32\msvcrt.dll
0x00007ff9f8c90000 - 0x00007ff9f8d27000 	C:\WINDOWS\System32\sechost.dll
0x00007ff9f8d30000 - 0x00007ff9f8e50000 	C:\WINDOWS\System32\RPCRT4.dll
0x00007ff9f8e50000 - 0x00007ff9f8fe4000 	C:\WINDOWS\System32\USER32.dll
0x00007ff9f7860000 - 0x00007ff9f7881000 	C:\WINDOWS\System32\win32u.dll
0x00007ff9f9170000 - 0x00007ff9f9196000 	C:\WINDOWS\System32\GDI32.dll
0x00007ff9f7570000 - 0x00007ff9f7704000 	C:\WINDOWS\System32\gdi32full.dll
0x00007ff9f7910000 - 0x00007ff9f79ae000 	C:\WINDOWS\System32\msvcp_win.dll
0x00007ff9f73c0000 - 0x00007ff9f74ba000 	C:\WINDOWS\System32\ucrtbase.dll
0x00007ff9e60e0000 - 0x00007ff9e6365000 	C:\WINDOWS\WinSxS\amd64_microsoft.windows.common-controls_6595b64144ccf1df_6.0.18362.778_none_e6c6b761130d4fb8\COMCTL32.dll
0x00007ff9f91a0000 - 0x00007ff9f94d6000 	C:\WINDOWS\System32\combase.dll
0x00007ff9f79e0000 - 0x00007ff9f7a60000 	C:\WINDOWS\System32\bcryptPrimitives.dll
0x00007ff9f9680000 - 0x00007ff9f96ae000 	C:\WINDOWS\System32\IMM32.DLL
0x0000000052630000 - 0x0000000052702000 	C:\Program Files\Android\Android Studio\jre\jre\bin\msvcr100.dll
0x0000000054690000 - 0x0000000054ed6000 	C:\Program Files\Android\Android Studio\jre\jre\bin\server\jvm.dll
0x00007ff9f9740000 - 0x00007ff9f9748000 	C:\WINDOWS\System32\PSAPI.DLL
0x00007ff9f4470000 - 0x00007ff9f4494000 	C:\WINDOWS\SYSTEM32\WINMM.dll
0x00007ff9f2540000 - 0x00007ff9f2549000 	C:\WINDOWS\SYSTEM32\WSOCK32.dll
0x00007ff9ef500000 - 0x00007ff9ef50a000 	C:\WINDOWS\SYSTEM32\VERSION.dll
0x00007ff9f3fe0000 - 0x00007ff9f400d000 	C:\WINDOWS\SYSTEM32\WINMMBASE.dll
0x00007ff9f7370000 - 0x00007ff9f73ba000 	C:\WINDOWS\System32\cfgmgr32.dll
0x00007ff9f9100000 - 0x00007ff9f916f000 	C:\WINDOWS\System32\WS2_32.dll
0x00007ff9ed770000 - 0x00007ff9ed77f000 	C:\Program Files\Android\Android Studio\jre\jre\bin\verify.dll
0x00007ff9ea280000 - 0x00007ff9ea2a9000 	C:\Program Files\Android\Android Studio\jre\jre\bin\java.dll
0x00007ff9ea260000 - 0x00007ff9ea276000 	C:\Program Files\Android\Android Studio\jre\jre\bin\zip.dll
0x00007ff9f85a0000 - 0x00007ff9f8c85000 	C:\WINDOWS\System32\SHELL32.dll
0x00007ff9f9880000 - 0x00007ff9f9929000 	C:\WINDOWS\System32\shcore.dll
0x00007ff9f6bf0000 - 0x00007ff9f7370000 	C:\WINDOWS\System32\windows.storage.dll
0x00007ff9f6b30000 - 0x00007ff9f6b53000 	C:\WINDOWS\System32\profapi.dll
0x00007ff9f6b60000 - 0x00007ff9f6baa000 	C:\WINDOWS\System32\powrprof.dll
0x00007ff9f6b20000 - 0x00007ff9f6b30000 	C:\WINDOWS\System32\UMPDC.dll
0x00007ff9f82b0000 - 0x00007ff9f8302000 	C:\WINDOWS\System32\shlwapi.dll
0x00007ff9f6bb0000 - 0x00007ff9f6bc1000 	C:\WINDOWS\System32\kernel.appcore.dll
0x00007ff9f7890000 - 0x00007ff9f78a7000 	C:\WINDOWS\System32\cryptsp.dll
0x00007ff9ea220000 - 0x00007ff9ea23a000 	C:\Program Files\Android\Android Studio\jre\jre\bin\net.dll
0x00007ff9eaa80000 - 0x00007ff9eac55000 	C:\WINDOWS\SYSTEM32\urlmon.dll
0x00007ff9eae00000 - 0x00007ff9eb0a6000 	C:\WINDOWS\SYSTEM32\iertutil.dll
0x00007ff9f6560000 - 0x00007ff9f656c000 	C:\WINDOWS\SYSTEM32\CRYPTBASE.DLL
0x00007ff9f6390000 - 0x00007ff9f63f7000 	C:\WINDOWS\system32\mswsock.dll
0x00007ff9ea200000 - 0x00007ff9ea213000 	C:\Program Files\Android\Android Studio\jre\jre\bin\nio.dll
0x00007ff9e5680000 - 0x00007ff9e56a6000 	C:\Users\chugu\.gradle\native\30\windows-amd64\native-platform.dll
0x00007ff9ed700000 - 0x00007ff9ed70d000 	C:\Program Files\Android\Android Studio\jre\jre\bin\management.dll
0x00007ff9f5f00000 - 0x00007ff9f5f33000 	C:\WINDOWS\system32\rsaenh.dll
0x00007ff9f79b0000 - 0x00007ff9f79d6000 	C:\WINDOWS\System32\bcrypt.dll
0x00007ff9f6a10000 - 0x00007ff9f6a35000 	C:\WINDOWS\SYSTEM32\USERENV.dll
0x00007ff9f60a0000 - 0x00007ff9f60da000 	C:\WINDOWS\SYSTEM32\IPHLPAPI.DLL
0x00007ff9f9730000 - 0x00007ff9f9738000 	C:\WINDOWS\System32\NSI.dll
0x00007ff9eefd0000 - 0x00007ff9eefe6000 	C:\WINDOWS\SYSTEM32\dhcpcsvc6.DLL
0x00007ff9eefb0000 - 0x00007ff9eefcc000 	C:\WINDOWS\SYSTEM32\dhcpcsvc.DLL
0x00007ff9f60f0000 - 0x00007ff9f61ba000 	C:\WINDOWS\SYSTEM32\DNSAPI.dll

VM Arguments:
jvm_args: -Xmx1536m -Dfile.encoding=windows-1251 -Duser.country=RU -Duser.language=ru -Duser.variant 
java_command: org.gradle.launcher.daemon.bootstrap.GradleDaemon 5.6.4
java_class_path (initial): C:\Users\chugu\.gradle\wrapper\dists\gradle-5.6.4-all\ankdp27end7byghfw1q2sw75f\gradle-5.6.4\lib\gradle-launcher-5.6.4.jar
Launcher Type: SUN_STANDARD

Environment Variables:
JAVA_HOME=C:\Program Files\Java\jdk1.8.0_241
PATH=C:\Program Files (x86)\Common Files\Oracle\Java\javapath;C:\WINDOWS\system32;C:\WINDOWS;C:\WINDOWS\System32\Wbem;C:\WINDOWS\System32\WindowsPowerShell\v1.0\;C:\WINDOWS\System32\OpenSSH\;C:\Program Files (x86)\ATI Technologies\ATI.ACE\Core-Static;"C:\Program Files (x86)\AMD\ATI.ACE\Core-Static\C:\Program Files\Java\jdk1.8.0_241\bin;";C:\Program Files\Git\cmd;C:\Users\chugu\AppData\Local\Microsoft\WindowsApps;;C:\Users\chugu\AppData\Local\Programs\Microsoft VS Code\bin
USERNAME=chugu
OS=Windows_NT
PROCESSOR_IDENTIFIER=Intel64 Family 6 Model 37 Stepping 5, GenuineIntel



---------------  S Y S T E M  ---------------

OS: Windows 10.0 , 64 bit Build 18362 (10.0.18362.778)

CPU:total 4 (initial active 4) (2 cores per cpu, 2 threads per core) family 6 model 37 stepping 5, cmov, cx8, fxsr, mmx, sse, sse2, sse3, ssse3, sse4.1, sse4.2, popcnt, ht, tsc, tscinvbit

Memory: 4k page, physical 3070812k(284676k free), swap 4619100k(2128k free)

vm_info: OpenJDK 64-Bit Server VM (25.212-b04) for windows-amd64 JRE (1.8.0_212-release-1586-b04), built by "builder" with MS VC++ 10.0 (VS2010)

time: Tue May 12 00:37:29 2020
timezone: RTZ 2 (зима)
elapsed time: 161 seconds (0d 0h 2m 41s)

